<?xml version="1.0" encoding="UTF-8"?>
<!-- Generated by org.testng.reporters.JUnitXMLReporter -->
<testsuite hostname="Dell-PC" ignored="0" name="Test" tests="3" failures="1" timestamp="2021-02-28T14:34:09 IST" time="9.266" errors="0">
  <testcase name="verifyContributeTest" time="3.338" classname="com.home.demo.test.MainPageTest">
    <skipped/>
  </testcase> <!-- verifyContributeTest -->
  <testcase name="verifyContributeTest" time="1.636" classname="com.home.demo.test.MainPageTest">
    <skipped/>
  </testcase> <!-- verifyContributeTest -->
  <testcase name="verifyContributeTest" time="1.358" classname="com.home.demo.test.MainPageTest">
    <failure type="java.lang.AssertionError" message="expected [true] but found [false]">
      <![CDATA[java.lang.AssertionError: expected [true] but found [false]
at com.home.demo.test.MainPageTest.verifyContributeTest(MainPageTest.java:37)
at java.util.ArrayList.forEach(Unknown Source)
... Removed 31 stack frames]]>
    </failure>
  </testcase> <!-- verifyContributeTest -->
</testsuite> <!-- Test -->
